2020-04-29 15:37:57.303 [localhost-startStop-1] WARN  com.netflix.config.sources.URLConfigurationSource - No URLs will be polled as dynamic configuration sources.
2020-04-29 15:38:05.633 [main] WARN  c.n.d.s.t.decorator.RetryableEurekaHttpClient - Request execution failed with message: org.apache.http.conn.ConnectTimeoutException: Connect to 10.0.0.129:8001 timed out
2020-04-29 15:38:10.642 [main] WARN  c.n.d.s.t.decorator.RetryableEurekaHttpClient - Request execution failed with message: org.apache.http.conn.ConnectTimeoutException: Connect to 10.0.0.130:8001 timed out
2020-04-29 15:38:10.644 [main] WARN  com.netflix.discovery.DiscoveryClient - Using default backup registry implementation which does not do anything.
2020-04-29 15:38:11.444 [http-nio-8001-exec-1] WARN  c.netflix.eureka.registry.AbstractInstanceRegistry - DS: Registry: lease doesn't exist, registering resource: ORDER-PIPELINE - iZ2ze7ytqh359urc2o9rn9Z:order-pipeline:8080
2020-04-29 15:38:11.445 [http-nio-8001-exec-1] WARN  com.netflix.eureka.resources.InstanceResource - Not Found (Renew): ORDER-PIPELINE - iZ2ze7ytqh359urc2o9rn9Z:order-pipeline:8080
2020-04-29 15:38:11.447 [http-nio-8001-exec-1] WARN  c.netflix.eureka.registry.AbstractInstanceRegistry - DS: Registry: lease doesn't exist, registering resource: MESSAGE-SERVER - iZ2ze7on1pthsuxzmy8gz3Z:message-server:8808
2020-04-29 15:38:11.447 [http-nio-8001-exec-1] WARN  com.netflix.eureka.resources.InstanceResource - Not Found (Renew): MESSAGE-SERVER - iZ2ze7on1pthsuxzmy8gz3Z:message-server:8808
2020-04-29 15:38:11.447 [http-nio-8001-exec-1] WARN  c.netflix.eureka.registry.AbstractInstanceRegistry - DS: Registry: lease doesn't exist, registering resource: ITEMCENTER-SERVER - iZ2ze7on1pthsuxzmy8gz3Z:itemcenter-server:8817
2020-04-29 15:38:11.447 [http-nio-8001-exec-1] WARN  com.netflix.eureka.resources.InstanceResource - Not Found (Renew): ITEMCENTER-SERVER - iZ2ze7on1pthsuxzmy8gz3Z:itemcenter-server:8817
2020-04-29 15:38:11.448 [http-nio-8001-exec-1] WARN  c.netflix.eureka.registry.AbstractInstanceRegistry - DS: Registry: lease doesn't exist, registering resource: RIDER-CENTER-WEB - iZ2ze7on1pthsuxzmy8gz3Z:rider-center-web:7009
2020-04-29 15:38:11.448 [http-nio-8001-exec-1] WARN  com.netflix.eureka.resources.InstanceResource - Not Found (Renew): RIDER-CENTER-WEB - iZ2ze7on1pthsuxzmy8gz3Z:rider-center-web:7009
2020-04-29 15:38:11.448 [http-nio-8001-exec-1] WARN  c.netflix.eureka.registry.AbstractInstanceRegistry - DS: Registry: lease doesn't exist, registering resource: DISTRIBUTION-SDK - iZ2ze7ytqh359urc2o9rn9Z:distribution-sdk:8005
2020-04-29 15:38:11.448 [http-nio-8001-exec-1] WARN  com.netflix.eureka.resources.InstanceResource - Not Found (Renew): DISTRIBUTION-SDK - iZ2ze7ytqh359urc2o9rn9Z:distribution-sdk:8005
2020-04-29 15:38:11.449 [http-nio-8001-exec-1] WARN  c.netflix.eureka.registry.AbstractInstanceRegistry - DS: Registry: lease doesn't exist, registering resource: MENU-ADMIN - iZ2zeioqjurm6xji8i11sxZ:menu-admin:8116
2020-04-29 15:38:11.449 [http-nio-8001-exec-1] WARN  com.netflix.eureka.resources.InstanceResource - Not Found (Renew): MENU-ADMIN - iZ2zeioqjurm6xji8i11sxZ:menu-admin:8116
2020-04-29 15:38:11.449 [http-nio-8001-exec-1] WARN  c.netflix.eureka.registry.AbstractInstanceRegistry - DS: Registry: lease doesn't exist, registering resource: REGISTER-CENTER - iZ2ze8ow1gy3uiub8glqqyZ:register-center:8001
2020-04-29 15:38:11.449 [http-nio-8001-exec-1] WARN  com.netflix.eureka.resources.InstanceResource - Not Found (Renew): REGISTER-CENTER - iZ2ze8ow1gy3uiub8glqqyZ:register-center:8001
2020-04-29 15:38:11.450 [http-nio-8001-exec-1] WARN  c.netflix.eureka.registry.AbstractInstanceRegistry - DS: Registry: lease doesn't exist, registering resource: CONSUMER-CLOUD - :consumer-cloud:8129
2020-04-29 15:38:11.450 [http-nio-8001-exec-1] WARN  com.netflix.eureka.resources.InstanceResource - Not Found (Renew): CONSUMER-CLOUD - :consumer-cloud:8129
2020-04-29 15:38:11.450 [http-nio-8001-exec-1] WARN  c.netflix.eureka.registry.AbstractInstanceRegistry - DS: Registry: lease doesn't exist, registering resource: USER-PROVIDER - :user-provider:8520
2020-04-29 15:38:11.450 [http-nio-8001-exec-1] WARN  com.netflix.eureka.resources.InstanceResource - Not Found (Renew): USER-PROVIDER - :user-provider:8520
2020-04-29 15:38:11.450 [http-nio-8001-exec-1] WARN  c.netflix.eureka.registry.AbstractInstanceRegistry - DS: Registry: lease doesn't exist, registering resource: ORDER-PROVIDER - iZ2zeioqjurm6xji8i11sxZ:order-provider:8622
2020-04-29 15:38:11.451 [http-nio-8001-exec-1] WARN  com.netflix.eureka.resources.InstanceResource - Not Found (Renew): ORDER-PROVIDER - iZ2zeioqjurm6xji8i11sxZ:order-provider:8622
2020-04-29 15:38:11.451 [http-nio-8001-exec-1] WARN  c.netflix.eureka.registry.AbstractInstanceRegistry - DS: Registry: lease doesn't exist, registering resource: MONITORCENTER-WEB-TEST - iZ2ze8ow1gy3uiub8glqqyZ:monitorcenter-web-test:8008
2020-04-29 15:38:11.451 [http-nio-8001-exec-1] WARN  com.netflix.eureka.resources.InstanceResource - Not Found (Renew): MONITORCENTER-WEB-TEST - iZ2ze8ow1gy3uiub8glqqyZ:monitorcenter-web-test:8008
2020-04-29 15:38:11.451 [http-nio-8001-exec-1] WARN  c.netflix.eureka.registry.AbstractInstanceRegistry - DS: Registry: lease doesn't exist, registering resource: SELLER-PROVIDER-CLOUD - :seller-provider-cloud:8120
2020-04-29 15:38:11.452 [http-nio-8001-exec-1] WARN  com.netflix.eureka.resources.InstanceResource - Not Found (Renew): SELLER-PROVIDER-CLOUD - :seller-provider-cloud:8120
2020-04-29 15:38:11.452 [http-nio-8001-exec-1] WARN  c.netflix.eureka.registry.AbstractInstanceRegistry - DS: Registry: lease doesn't exist, registering resource: ORDER-STATUS-SYNC - iZ2zeioqjurm6xji8i11sxZ:order-status-sync:10012
2020-04-29 15:38:11.452 [http-nio-8001-exec-1] WARN  com.netflix.eureka.resources.InstanceResource - Not Found (Renew): ORDER-STATUS-SYNC - iZ2zeioqjurm6xji8i11sxZ:order-status-sync:10012
2020-04-29 15:38:11.452 [http-nio-8001-exec-1] WARN  c.netflix.eureka.registry.AbstractInstanceRegistry - DS: Registry: lease doesn't exist, registering resource: SELLERCENTER-SDK - :sellercenter-sdk:7018
2020-04-29 15:38:11.453 [http-nio-8001-exec-1] WARN  com.netflix.eureka.resources.InstanceResource - Not Found (Renew): SELLERCENTER-SDK - :sellercenter-sdk:7018
2020-04-29 15:38:11.453 [http-nio-8001-exec-1] WARN  c.netflix.eureka.registry.AbstractInstanceRegistry - DS: Registry: lease doesn't exist, registering resource: CRM-CUSTOMER-SDK - 10.0.0.104:8082
2020-04-29 15:38:11.453 [http-nio-8001-exec-1] WARN  com.netflix.eureka.resources.InstanceResource - Not Found (Renew): CRM-CUSTOMER-SDK - 10.0.0.104:8082
2020-04-29 15:38:11.453 [http-nio-8001-exec-1] WARN  c.netflix.eureka.registry.AbstractInstanceRegistry - DS: Registry: lease doesn't exist, registering resource: CRM-PLAN-SDK - 10.0.0.104:8083
2020-04-29 15:38:11.453 [http-nio-8001-exec-1] WARN  com.netflix.eureka.resources.InstanceResource - Not Found (Renew): CRM-PLAN-SDK - 10.0.0.104:8083
2020-04-29 15:38:11.454 [http-nio-8001-exec-1] WARN  c.netflix.eureka.registry.AbstractInstanceRegistry - DS: Registry: lease doesn't exist, registering resource: USER-ORDER-QUERY-PROVIDER - iZ2ze06mxhbe3nc32oo3pvZ:user-order-query-provider:8311
2020-04-29 15:38:11.454 [http-nio-8001-exec-1] WARN  com.netflix.eureka.resources.InstanceResource - Not Found (Renew): USER-ORDER-QUERY-PROVIDER - iZ2ze06mxhbe3nc32oo3pvZ:user-order-query-provider:8311
2020-04-29 15:38:11.454 [http-nio-8001-exec-1] WARN  c.netflix.eureka.registry.AbstractInstanceRegistry - DS: Registry: lease doesn't exist, registering resource: CRM-BASE-SDK - 10.0.0.104:8081
2020-04-29 15:38:11.454 [http-nio-8001-exec-1] WARN  com.netflix.eureka.resources.InstanceResource - Not Found (Renew): CRM-BASE-SDK - 10.0.0.104:8081
2020-04-29 15:38:11.455 [http-nio-8001-exec-1] WARN  c.netflix.eureka.registry.AbstractInstanceRegistry - DS: Registry: lease doesn't exist, registering resource: PLATFORM-ORDER-SDK - :platform-order-sdk:8622
2020-04-29 15:38:11.455 [http-nio-8001-exec-1] WARN  com.netflix.eureka.resources.InstanceResource - Not Found (Renew): PLATFORM-ORDER-SDK - :platform-order-sdk:8622
2020-04-29 15:38:11.455 [http-nio-8001-exec-1] WARN  c.netflix.eureka.registry.AbstractInstanceRegistry - DS: Registry: lease doesn't exist, registering resource: USERACTIVITY-WEB - :useractivity-web:9400
2020-04-29 15:38:11.455 [http-nio-8001-exec-1] WARN  com.netflix.eureka.resources.InstanceResource - Not Found (Renew): USERACTIVITY-WEB - :useractivity-web:9400
2020-04-29 15:38:11.455 [http-nio-8001-exec-1] WARN  c.netflix.eureka.registry.AbstractInstanceRegistry - DS: Registry: lease doesn't exist, registering resource: AUTH-SDK - :auth-sdk:7020
2020-04-29 15:38:11.456 [http-nio-8001-exec-1] WARN  com.netflix.eureka.resources.InstanceResource - Not Found (Renew): AUTH-SDK - :auth-sdk:7020
2020-04-29 15:38:11.456 [http-nio-8001-exec-1] WARN  c.netflix.eureka.registry.AbstractInstanceRegistry - DS: Registry: lease doesn't exist, registering resource: CHECK-OUT-API - :check-out-api:10016
2020-04-29 15:38:11.456 [http-nio-8001-exec-1] WARN  com.netflix.eureka.resources.InstanceResource - Not Found (Renew): CHECK-OUT-API - :check-out-api:10016
2020-04-29 15:38:11.456 [http-nio-8001-exec-1] WARN  c.netflix.eureka.registry.AbstractInstanceRegistry - DS: Registry: lease doesn't exist, registering resource: USERACTIVITY-SDK - :useractivity-sdk:9000
2020-04-29 15:38:11.457 [http-nio-8001-exec-1] WARN  com.netflix.eureka.resources.InstanceResource - Not Found (Renew): USERACTIVITY-SDK - :useractivity-sdk:9000
2020-04-29 15:38:11.457 [http-nio-8001-exec-1] WARN  c.netflix.eureka.registry.AbstractInstanceRegistry - DS: Registry: lease doesn't exist, registering resource: LAYER-SDK - 10.0.0.104:8086
2020-04-29 15:38:11.457 [http-nio-8001-exec-1] WARN  com.netflix.eureka.resources.InstanceResource - Not Found (Renew): LAYER-SDK - 10.0.0.104:8086
2020-04-29 15:38:11.457 [http-nio-8001-exec-1] WARN  c.netflix.eureka.registry.AbstractInstanceRegistry - DS: Registry: lease doesn't exist, registering resource: CRM-API - 10.0.0.104:8080
2020-04-29 15:38:11.458 [http-nio-8001-exec-1] WARN  com.netflix.eureka.resources.InstanceResource - Not Found (Renew): CRM-API - 10.0.0.104:8080
2020-04-29 15:38:11.458 [http-nio-8001-exec-1] WARN  c.netflix.eureka.registry.AbstractInstanceRegistry - DS: Registry: lease doesn't exist, registering resource: DISTRIBUTION-ADMIN - iZ2ze06mxhbe3nc32oo3pvZ:distribution-admin:8011
2020-04-29 15:38:11.458 [http-nio-8001-exec-1] WARN  com.netflix.eureka.resources.InstanceResource - Not Found (Renew): DISTRIBUTION-ADMIN - iZ2ze06mxhbe3nc32oo3pvZ:distribution-admin:8011
2020-04-29 15:38:11.458 [http-nio-8001-exec-1] WARN  c.netflix.eureka.registry.AbstractInstanceRegistry - DS: Registry: lease doesn't exist, registering resource: ITEM-CENTER-SDK - iZ2ze7on1pthsuxzmy8gz3Z:item-center-sdk:8816
2020-04-29 15:38:11.458 [http-nio-8001-exec-1] WARN  com.netflix.eureka.resources.InstanceResource - Not Found (Renew): ITEM-CENTER-SDK - iZ2ze7on1pthsuxzmy8gz3Z:item-center-sdk:8816
2020-04-29 15:38:11.459 [http-nio-8001-exec-1] WARN  c.netflix.eureka.registry.AbstractInstanceRegistry - DS: Registry: lease doesn't exist, registering resource: USERACTIVITY-ADMIN - :useractivity-admin:9200
2020-04-29 15:38:11.459 [http-nio-8001-exec-1] WARN  com.netflix.eureka.resources.InstanceResource - Not Found (Renew): USERACTIVITY-ADMIN - :useractivity-admin:9200
2020-04-29 15:38:11.459 [http-nio-8001-exec-1] WARN  c.netflix.eureka.registry.AbstractInstanceRegistry - DS: Registry: lease doesn't exist, registering resource: RIDER-CENTER-SDK - iZ2ze7ytqh359urc2o9rn9Z:rider-center-sdk:8004
2020-04-29 15:38:11.460 [http-nio-8001-exec-1] WARN  com.netflix.eureka.resources.InstanceResource - Not Found (Renew): RIDER-CENTER-SDK - iZ2ze7ytqh359urc2o9rn9Z:rider-center-sdk:8004
2020-04-29 15:38:11.460 [http-nio-8001-exec-1] WARN  c.netflix.eureka.registry.AbstractInstanceRegistry - DS: Registry: lease doesn't exist, registering resource: ACCOUNT-SDK - :account-sdk:10011
2020-04-29 15:38:11.460 [http-nio-8001-exec-1] WARN  com.netflix.eureka.resources.InstanceResource - Not Found (Renew): ACCOUNT-SDK - :account-sdk:10011
2020-04-29 15:38:11.460 [http-nio-8001-exec-1] WARN  c.netflix.eureka.registry.AbstractInstanceRegistry - DS: Registry: lease doesn't exist, registering resource: FORTUNECAT-WEB - iZ2ze8ow1gy3uiub8glqqyZ:fortunecat-web:8586
2020-04-29 15:38:11.461 [http-nio-8001-exec-1] WARN  com.netflix.eureka.resources.InstanceResource - Not Found (Renew): FORTUNECAT-WEB - iZ2ze8ow1gy3uiub8glqqyZ:fortunecat-web:8586
2020-04-29 15:38:11.461 [http-nio-8001-exec-1] WARN  c.netflix.eureka.registry.AbstractInstanceRegistry - DS: Registry: lease doesn't exist, registering resource: SEQUENCE-SDK - :sequence-sdk:8000
2020-04-29 15:38:11.461 [http-nio-8001-exec-1] WARN  com.netflix.eureka.resources.InstanceResource - Not Found (Renew): SEQUENCE-SDK - :sequence-sdk:8000
2020-04-29 15:38:11.461 [http-nio-8001-exec-1] WARN  c.netflix.eureka.registry.AbstractInstanceRegistry - DS: Registry: lease doesn't exist, registering resource: MENU-SDK - iZ2ze06mxhbe3nc32oo3pvZ:menu-sdk:8115
2020-04-29 15:38:11.462 [http-nio-8001-exec-1] WARN  com.netflix.eureka.resources.InstanceResource - Not Found (Renew): MENU-SDK - iZ2ze06mxhbe3nc32oo3pvZ:menu-sdk:8115
2020-04-29 15:38:11.462 [http-nio-8001-exec-1] WARN  c.netflix.eureka.registry.AbstractInstanceRegistry - DS: Registry: lease doesn't exist, registering resource: MENUAPI-CLOUD - iZ2ze06mxhbe3nc32oo3pvZ:menuApi-cloud:8233
2020-04-29 15:38:11.462 [http-nio-8001-exec-1] WARN  com.netflix.eureka.resources.InstanceResource - Not Found (Renew): MENUAPI-CLOUD - iZ2ze06mxhbe3nc32oo3pvZ:menuApi-cloud:8233
2020-04-29 15:38:11.462 [http-nio-8001-exec-1] WARN  c.netflix.eureka.registry.AbstractInstanceRegistry - DS: Registry: lease doesn't exist, registering resource: TRADE-PROVIDER - :trade-provider:8310
2020-04-29 15:38:11.463 [http-nio-8001-exec-1] WARN  com.netflix.eureka.resources.InstanceResource - Not Found (Renew): TRADE-PROVIDER - :trade-provider:8310
2020-04-29 15:38:11.463 [http-nio-8001-exec-1] WARN  c.netflix.eureka.registry.AbstractInstanceRegistry - DS: Registry: lease doesn't exist, registering resource: PRINTERCENTER-SDK - :printercenter-sdk:7019
2020-04-29 15:38:11.463 [http-nio-8001-exec-1] WARN  com.netflix.eureka.resources.InstanceResource - Not Found (Renew): PRINTERCENTER-SDK - :printercenter-sdk:7019
2020-04-29 15:38:11.463 [http-nio-8001-exec-1] WARN  c.netflix.eureka.registry.AbstractInstanceRegistry - DS: Registry: lease doesn't exist, registering resource: ACTIVITY-ADMIN - :activity-admin:9700
2020-04-29 15:38:11.464 [http-nio-8001-exec-1] WARN  com.netflix.eureka.resources.InstanceResource - Not Found (Renew): ACTIVITY-ADMIN - :activity-admin:9700
2020-04-29 15:38:11.464 [http-nio-8001-exec-1] WARN  c.netflix.eureka.registry.AbstractInstanceRegistry - DS: Registry: lease doesn't exist, registering resource: USERACTIVITY-JOB - :useractivity-job:9300
2020-04-29 15:38:11.464 [http-nio-8001-exec-1] WARN  com.netflix.eureka.resources.InstanceResource - Not Found (Renew): USERACTIVITY-JOB - :useractivity-job:9300
2020-04-29 15:38:11.464 [http-nio-8001-exec-1] WARN  c.netflix.eureka.registry.AbstractInstanceRegistry - DS: Registry: lease doesn't exist, registering resource: FORUNECAT-ADMIN - iZ2ze8lqjn082gl7ih2u48Z:forunecat-admin:9386
2020-04-29 15:38:11.464 [http-nio-8001-exec-1] WARN  com.netflix.eureka.resources.InstanceResource - Not Found (Renew): FORUNECAT-ADMIN - iZ2ze8lqjn082gl7ih2u48Z:forunecat-admin:9386
2020-04-29 15:38:11.465 [http-nio-8001-exec-1] WARN  c.netflix.eureka.registry.AbstractInstanceRegistry - DS: Registry: lease doesn't exist, registering resource: COUPON-CENTER-SDK - iZ2ze8lqjn082gl7ih2u48Z:coupon-center-sdk:8623
2020-04-29 15:38:11.465 [http-nio-8001-exec-1] WARN  com.netflix.eureka.resources.InstanceResource - Not Found (Renew): COUPON-CENTER-SDK - iZ2ze8lqjn082gl7ih2u48Z:coupon-center-sdk:8623
2020-04-29 15:38:11.465 [http-nio-8001-exec-1] WARN  c.netflix.eureka.registry.AbstractInstanceRegistry - DS: Registry: lease doesn't exist, registering resource: TASK-CENTER-CLOUD - :task-center-cloud:8130
2020-04-29 15:38:11.465 [http-nio-8001-exec-1] WARN  com.netflix.eureka.resources.InstanceResource - Not Found (Renew): TASK-CENTER-CLOUD - :task-center-cloud:8130
2020-04-29 15:38:11.466 [http-nio-8001-exec-1] WARN  c.netflix.eureka.registry.AbstractInstanceRegistry - DS: Registry: lease doesn't exist, registering resource: FORTUNECAT-SDK - iZ2ze8lqjn082gl7ih2u48Z:fortunecat-sdk:8186
2020-04-29 15:38:11.466 [http-nio-8001-exec-1] WARN  com.netflix.eureka.resources.InstanceResource - Not Found (Renew): FORTUNECAT-SDK - iZ2ze8lqjn082gl7ih2u48Z:fortunecat-sdk:8186
2020-04-29 15:38:11.466 [http-nio-8001-exec-1] WARN  c.netflix.eureka.registry.AbstractInstanceRegistry - DS: Registry: lease doesn't exist, registering resource: SELLERCENTER-ADMIN - :sellercenter-admin:7200
2020-04-29 15:38:11.466 [http-nio-8001-exec-1] WARN  com.netflix.eureka.resources.InstanceResource - Not Found (Renew): SELLERCENTER-ADMIN - :sellercenter-admin:7200
2020-04-29 15:38:11.466 [http-nio-8001-exec-1] WARN  c.netflix.eureka.registry.AbstractInstanceRegistry - DS: Registry: lease doesn't exist, registering resource: ACTIVITY-WEB - :activity-web:9800
2020-04-29 15:38:11.467 [http-nio-8001-exec-1] WARN  com.netflix.eureka.resources.InstanceResource - Not Found (Renew): ACTIVITY-WEB - :activity-web:9800
2020-04-29 15:38:11.467 [http-nio-8001-exec-1] WARN  c.netflix.eureka.registry.AbstractInstanceRegistry - DS: Registry: lease doesn't exist, registering resource: RED-PACKETS-SDK - iZ2ze8lqjn082gl7ih2u48Z:red-packets-sdk:10014
2020-04-29 15:38:11.467 [http-nio-8001-exec-1] WARN  com.netflix.eureka.resources.InstanceResource - Not Found (Renew): RED-PACKETS-SDK - iZ2ze8lqjn082gl7ih2u48Z:red-packets-sdk:10014
2020-04-29 15:38:11.467 [http-nio-8001-exec-1] WARN  c.netflix.eureka.registry.AbstractInstanceRegistry - DS: Registry: lease doesn't exist, registering resource: ADDRESS-ADMIN - :address-admin:7012
2020-04-29 15:38:11.467 [http-nio-8001-exec-1] WARN  com.netflix.eureka.resources.InstanceResource - Not Found (Renew): ADDRESS-ADMIN - :address-admin:7012
2020-04-29 15:38:11.468 [http-nio-8001-exec-1] WARN  c.netflix.eureka.registry.AbstractInstanceRegistry - DS: Registry: lease doesn't exist, registering resource: AUTH-WEB - :auth-web:10010
2020-04-29 15:38:11.468 [http-nio-8001-exec-1] WARN  com.netflix.eureka.resources.InstanceResource - Not Found (Renew): AUTH-WEB - :auth-web:10010
2020-04-29 15:38:11.468 [http-nio-8001-exec-1] WARN  c.netflix.eureka.registry.AbstractInstanceRegistry - DS: Registry: lease doesn't exist, registering resource: SMS-SDK - :sms-sdk:8001
2020-04-29 15:38:11.468 [http-nio-8001-exec-1] WARN  com.netflix.eureka.resources.InstanceResource - Not Found (Renew): SMS-SDK - :sms-sdk:8001
2020-04-29 15:38:11.468 [http-nio-8001-exec-1] WARN  c.netflix.eureka.registry.AbstractInstanceRegistry - DS: Registry: lease doesn't exist, registering resource: ACTIVITY-SDK - :activity-sdk:9600
2020-04-29 15:38:11.469 [http-nio-8001-exec-1] WARN  com.netflix.eureka.resources.InstanceResource - Not Found (Renew): ACTIVITY-SDK - :activity-sdk:9600
2020-04-29 15:38:11.469 [http-nio-8001-exec-1] WARN  c.netflix.eureka.registry.AbstractInstanceRegistry - DS: Registry: lease doesn't exist, registering resource: CHECK-OUT-SDK - :check-out-sdk:10015
2020-04-29 15:38:11.469 [http-nio-8001-exec-1] WARN  com.netflix.eureka.resources.InstanceResource - Not Found (Renew): CHECK-OUT-SDK - :check-out-sdk:10015
2020-04-29 15:38:11.469 [http-nio-8001-exec-1] WARN  c.netflix.eureka.registry.AbstractInstanceRegistry - DS: Registry: lease doesn't exist, registering resource: KERUYUN-CODE - iZ2ze7ytqh359urc2o9rn9Z:keruyun-code:8809
2020-04-29 15:38:11.470 [http-nio-8001-exec-1] WARN  com.netflix.eureka.resources.InstanceResource - Not Found (Renew): KERUYUN-CODE - iZ2ze7ytqh359urc2o9rn9Z:keruyun-code:8809
2020-04-29 15:38:11.470 [http-nio-8001-exec-1] WARN  c.netflix.eureka.registry.AbstractInstanceRegistry - DS: Registry: lease doesn't exist, registering resource: SELLERCENTER-WEB - :sellercenter-web:7017
2020-04-29 15:38:11.470 [http-nio-8001-exec-1] WARN  com.netflix.eureka.resources.InstanceResource - Not Found (Renew): SELLERCENTER-WEB - :sellercenter-web:7017
2020-04-29 15:38:11.470 [http-nio-8001-exec-1] WARN  c.netflix.eureka.registry.AbstractInstanceRegistry - DS: Registry: lease doesn't exist, registering resource: ADDRESS-SERVER - :address-server:7011
2020-04-29 15:38:11.470 [http-nio-8001-exec-1] WARN  com.netflix.eureka.resources.InstanceResource - Not Found (Renew): ADDRESS-SERVER - :address-server:7011
2020-04-29 15:38:11.471 [http-nio-8001-exec-1] WARN  c.netflix.eureka.registry.AbstractInstanceRegistry - DS: Registry: lease doesn't exist, registering resource: SHARE-PROVIDER-CLOUD - iZ2zeioqjurm6xji8i11sxZ:share-provider-cloud:8620
2020-04-29 15:38:11.471 [http-nio-8001-exec-1] WARN  com.netflix.eureka.resources.InstanceResource - Not Found (Renew): SHARE-PROVIDER-CLOUD - iZ2zeioqjurm6xji8i11sxZ:share-provider-cloud:8620
2020-04-29 15:38:11.471 [http-nio-8001-exec-1] WARN  c.netflix.eureka.registry.AbstractInstanceRegistry - DS: Registry: lease doesn't exist, registering resource: GATEWAY-SDK - iZ2ze7ytqh359urc2o9rn9Z:gateway-sdk:8009
2020-04-29 15:38:11.471 [http-nio-8001-exec-1] WARN  com.netflix.eureka.resources.InstanceResource - Not Found (Renew): GATEWAY-SDK - iZ2ze7ytqh359urc2o9rn9Z:gateway-sdk:8009
2020-04-29 15:38:12.378 [http-nio-8001-exec-2] WARN  c.netflix.eureka.registry.AbstractInstanceRegistry - DS: Registry: lease doesn't exist, registering resource: ORDER-PIPELINE - iZ2ze7ytqh359urc2o9rn9Z:order-pipeline:8080
2020-04-29 15:38:12.378 [http-nio-8001-exec-2] WARN  com.netflix.eureka.resources.InstanceResource - Not Found (Renew): ORDER-PIPELINE - iZ2ze7ytqh359urc2o9rn9Z:order-pipeline:8080
2020-04-29 15:38:12.379 [http-nio-8001-exec-2] WARN  c.netflix.eureka.registry.AbstractInstanceRegistry - DS: Registry: lease doesn't exist, registering resource: MESSAGE-SERVER - iZ2ze7on1pthsuxzmy8gz3Z:message-server:8808
2020-04-29 15:38:12.379 [http-nio-8001-exec-2] WARN  com.netflix.eureka.resources.InstanceResource - Not Found (Renew): MESSAGE-SERVER - iZ2ze7on1pthsuxzmy8gz3Z:message-server:8808
2020-04-29 15:38:12.379 [http-nio-8001-exec-2] WARN  c.netflix.eureka.registry.AbstractInstanceRegistry - DS: Registry: lease doesn't exist, registering resource: ITEMCENTER-SERVER - iZ2ze7on1pthsuxzmy8gz3Z:itemcenter-server:8817
2020-04-29 15:38:12.379 [http-nio-8001-exec-2] WARN  com.netflix.eureka.resources.InstanceResource - Not Found (Renew): ITEMCENTER-SERVER - iZ2ze7on1pthsuxzmy8gz3Z:itemcenter-server:8817
2020-04-29 15:38:12.379 [http-nio-8001-exec-2] WARN  c.netflix.eureka.registry.AbstractInstanceRegistry - DS: Registry: lease doesn't exist, registering resource: RIDER-CENTER-WEB - iZ2ze7on1pthsuxzmy8gz3Z:rider-center-web:7009
2020-04-29 15:38:12.379 [http-nio-8001-exec-2] WARN  com.netflix.eureka.resources.InstanceResource - Not Found (Renew): RIDER-CENTER-WEB - iZ2ze7on1pthsuxzmy8gz3Z:rider-center-web:7009
2020-04-29 15:38:12.380 [http-nio-8001-exec-2] WARN  c.netflix.eureka.registry.AbstractInstanceRegistry - DS: Registry: lease doesn't exist, registering resource: DISTRIBUTION-SDK - iZ2ze7ytqh359urc2o9rn9Z:distribution-sdk:8005
2020-04-29 15:38:12.380 [http-nio-8001-exec-2] WARN  com.netflix.eureka.resources.InstanceResource - Not Found (Renew): DISTRIBUTION-SDK - iZ2ze7ytqh359urc2o9rn9Z:distribution-sdk:8005
2020-04-29 15:38:12.380 [http-nio-8001-exec-2] WARN  c.netflix.eureka.registry.AbstractInstanceRegistry - DS: Registry: lease doesn't exist, registering resource: MENU-ADMIN - iZ2zeioqjurm6xji8i11sxZ:menu-admin:8116
2020-04-29 15:38:12.380 [http-nio-8001-exec-2] WARN  com.netflix.eureka.resources.InstanceResource - Not Found (Renew): MENU-ADMIN - iZ2zeioqjurm6xji8i11sxZ:menu-admin:8116
2020-04-29 15:38:12.380 [http-nio-8001-exec-2] WARN  c.netflix.eureka.registry.AbstractInstanceRegistry - DS: Registry: lease doesn't exist, registering resource: REGISTER-CENTER - iZ2ze8ow1gy3uiub8glqqyZ:register-center:8001
2020-04-29 15:38:12.380 [http-nio-8001-exec-2] WARN  com.netflix.eureka.resources.InstanceResource - Not Found (Renew): REGISTER-CENTER - iZ2ze8ow1gy3uiub8glqqyZ:register-center:8001
2020-04-29 15:38:12.381 [http-nio-8001-exec-2] WARN  c.netflix.eureka.registry.AbstractInstanceRegistry - DS: Registry: lease doesn't exist, registering resource: CONSUMER-CLOUD - :consumer-cloud:8129
2020-04-29 15:38:12.381 [http-nio-8001-exec-2] WARN  com.netflix.eureka.resources.InstanceResource - Not Found (Renew): CONSUMER-CLOUD - :consumer-cloud:8129
2020-04-29 15:38:12.381 [http-nio-8001-exec-2] WARN  c.netflix.eureka.registry.AbstractInstanceRegistry - DS: Registry: lease doesn't exist, registering resource: USER-PROVIDER - :user-provider:8520
2020-04-29 15:38:12.381 [http-nio-8001-exec-2] WARN  com.netflix.eureka.resources.InstanceResource - Not Found (Renew): USER-PROVIDER - :user-provider:8520
2020-04-29 15:38:12.381 [http-nio-8001-exec-2] WARN  c.netflix.eureka.registry.AbstractInstanceRegistry - DS: Registry: lease doesn't exist, registering resource: ORDER-PROVIDER - iZ2zeioqjurm6xji8i11sxZ:order-provider:8622
2020-04-29 15:38:12.382 [http-nio-8001-exec-2] WARN  com.netflix.eureka.resources.InstanceResource - Not Found (Renew): ORDER-PROVIDER - iZ2zeioqjurm6xji8i11sxZ:order-provider:8622
2020-04-29 15:38:12.382 [http-nio-8001-exec-2] WARN  c.netflix.eureka.registry.AbstractInstanceRegistry - DS: Registry: lease doesn't exist, registering resource: MONITORCENTER-WEB-TEST - iZ2ze8ow1gy3uiub8glqqyZ:monitorcenter-web-test:8008
2020-04-29 15:38:12.382 [http-nio-8001-exec-2] WARN  com.netflix.eureka.resources.InstanceResource - Not Found (Renew): MONITORCENTER-WEB-TEST - iZ2ze8ow1gy3uiub8glqqyZ:monitorcenter-web-test:8008
2020-04-29 15:38:12.382 [http-nio-8001-exec-2] WARN  c.netflix.eureka.registry.AbstractInstanceRegistry - DS: Registry: lease doesn't exist, registering resource: SELLER-PROVIDER-CLOUD - :seller-provider-cloud:8120
2020-04-29 15:38:12.382 [http-nio-8001-exec-2] WARN  com.netflix.eureka.resources.InstanceResource - Not Found (Renew): SELLER-PROVIDER-CLOUD - :seller-provider-cloud:8120
2020-04-29 15:38:12.382 [http-nio-8001-exec-2] WARN  c.netflix.eureka.registry.AbstractInstanceRegistry - DS: Registry: lease doesn't exist, registering resource: ORDER-STATUS-SYNC - iZ2zeioqjurm6xji8i11sxZ:order-status-sync:10012
2020-04-29 15:38:12.383 [http-nio-8001-exec-2] WARN  com.netflix.eureka.resources.InstanceResource - Not Found (Renew): ORDER-STATUS-SYNC - iZ2zeioqjurm6xji8i11sxZ:order-status-sync:10012
2020-04-29 15:38:12.383 [http-nio-8001-exec-2] WARN  c.netflix.eureka.registry.AbstractInstanceRegistry - DS: Registry: lease doesn't exist, registering resource: SELLERCENTER-SDK - :sellercenter-sdk:7018
2020-04-29 15:38:12.383 [http-nio-8001-exec-2] WARN  com.netflix.eureka.resources.InstanceResource - Not Found (Renew): SELLERCENTER-SDK - :sellercenter-sdk:7018
2020-04-29 15:38:12.383 [http-nio-8001-exec-2] WARN  c.netflix.eureka.registry.AbstractInstanceRegistry - DS: Registry: lease doesn't exist, registering resource: CRM-CUSTOMER-SDK - 10.0.0.104:8082
2020-04-29 15:38:12.383 [http-nio-8001-exec-2] WARN  com.netflix.eureka.resources.InstanceResource - Not Found (Renew): CRM-CUSTOMER-SDK - 10.0.0.104:8082
2020-04-29 15:38:12.384 [http-nio-8001-exec-2] WARN  c.netflix.eureka.registry.AbstractInstanceRegistry - DS: Registry: lease doesn't exist, registering resource: CRM-PLAN-SDK - 10.0.0.104:8083
2020-04-29 15:38:12.384 [http-nio-8001-exec-2] WARN  com.netflix.eureka.resources.InstanceResource - Not Found (Renew): CRM-PLAN-SDK - 10.0.0.104:8083
2020-04-29 15:38:12.384 [http-nio-8001-exec-2] WARN  c.netflix.eureka.registry.AbstractInstanceRegistry - DS: Registry: lease doesn't exist, registering resource: USER-ORDER-QUERY-PROVIDER - iZ2ze06mxhbe3nc32oo3pvZ:user-order-query-provider:8311
2020-04-29 15:38:12.384 [http-nio-8001-exec-2] WARN  com.netflix.eureka.resources.InstanceResource - Not Found (Renew): USER-ORDER-QUERY-PROVIDER - iZ2ze06mxhbe3nc32oo3pvZ:user-order-query-provider:8311
2020-04-29 15:38:12.384 [http-nio-8001-exec-2] WARN  c.netflix.eureka.registry.AbstractInstanceRegistry - DS: Registry: lease doesn't exist, registering resource: CRM-BASE-SDK - 10.0.0.104:8081
2020-04-29 15:38:12.384 [http-nio-8001-exec-2] WARN  com.netflix.eureka.resources.InstanceResource - Not Found (Renew): CRM-BASE-SDK - 10.0.0.104:8081
2020-04-29 15:38:12.385 [http-nio-8001-exec-2] WARN  c.netflix.eureka.registry.AbstractInstanceRegistry - DS: Registry: lease doesn't exist, registering resource: PLATFORM-ORDER-SDK - :platform-order-sdk:8622
2020-04-29 15:38:12.385 [http-nio-8001-exec-2] WARN  com.netflix.eureka.resources.InstanceResource - Not Found (Renew): PLATFORM-ORDER-SDK - :platform-order-sdk:8622
2020-04-29 15:38:12.385 [http-nio-8001-exec-2] WARN  c.netflix.eureka.registry.AbstractInstanceRegistry - DS: Registry: lease doesn't exist, registering resource: USERACTIVITY-WEB - :useractivity-web:9400
2020-04-29 15:38:12.385 [http-nio-8001-exec-2] WARN  com.netflix.eureka.resources.InstanceResource - Not Found (Renew): USERACTIVITY-WEB - :useractivity-web:9400
2020-04-29 15:38:12.386 [http-nio-8001-exec-2] WARN  c.netflix.eureka.registry.AbstractInstanceRegistry - DS: Registry: lease doesn't exist, registering resource: AUTH-SDK - :auth-sdk:7020
2020-04-29 15:38:12.386 [http-nio-8001-exec-2] WARN  com.netflix.eureka.resources.InstanceResource - Not Found (Renew): AUTH-SDK - :auth-sdk:7020
2020-04-29 15:38:12.386 [http-nio-8001-exec-2] WARN  c.netflix.eureka.registry.AbstractInstanceRegistry - DS: Registry: lease doesn't exist, registering resource: CHECK-OUT-API - :check-out-api:10016
2020-04-29 15:38:12.386 [http-nio-8001-exec-2] WARN  com.netflix.eureka.resources.InstanceResource - Not Found (Renew): CHECK-OUT-API - :check-out-api:10016
2020-04-29 15:38:12.386 [http-nio-8001-exec-2] WARN  c.netflix.eureka.registry.AbstractInstanceRegistry - DS: Registry: lease doesn't exist, registering resource: USERACTIVITY-SDK - :useractivity-sdk:9000
2020-04-29 15:38:12.386 [http-nio-8001-exec-2] WARN  com.netflix.eureka.resources.InstanceResource - Not Found (Renew): USERACTIVITY-SDK - :useractivity-sdk:9000
2020-04-29 15:38:12.387 [http-nio-8001-exec-2] WARN  c.netflix.eureka.registry.AbstractInstanceRegistry - DS: Registry: lease doesn't exist, registering resource: LAYER-SDK - 10.0.0.104:8086
2020-04-29 15:38:12.387 [http-nio-8001-exec-2] WARN  com.netflix.eureka.resources.InstanceResource - Not Found (Renew): LAYER-SDK - 10.0.0.104:8086
2020-04-29 15:38:12.387 [http-nio-8001-exec-2] WARN  c.netflix.eureka.registry.AbstractInstanceRegistry - DS: Registry: lease doesn't exist, registering resource: CRM-API - 10.0.0.104:8080
2020-04-29 15:38:12.387 [http-nio-8001-exec-2] WARN  com.netflix.eureka.resources.InstanceResource - Not Found (Renew): CRM-API - 10.0.0.104:8080
2020-04-29 15:38:12.387 [http-nio-8001-exec-2] WARN  c.netflix.eureka.registry.AbstractInstanceRegistry - DS: Registry: lease doesn't exist, registering resource: DISTRIBUTION-ADMIN - iZ2ze06mxhbe3nc32oo3pvZ:distribution-admin:8011
2020-04-29 15:38:12.387 [http-nio-8001-exec-2] WARN  com.netflix.eureka.resources.InstanceResource - Not Found (Renew): DISTRIBUTION-ADMIN - iZ2ze06mxhbe3nc32oo3pvZ:distribution-admin:8011
2020-04-29 15:38:12.388 [http-nio-8001-exec-2] WARN  c.netflix.eureka.registry.AbstractInstanceRegistry - DS: Registry: lease doesn't exist, registering resource: ITEM-CENTER-SDK - iZ2ze7on1pthsuxzmy8gz3Z:item-center-sdk:8816
2020-04-29 15:38:12.388 [http-nio-8001-exec-2] WARN  com.netflix.eureka.resources.InstanceResource - Not Found (Renew): ITEM-CENTER-SDK - iZ2ze7on1pthsuxzmy8gz3Z:item-center-sdk:8816
2020-04-29 15:38:12.395 [http-nio-8001-exec-2] WARN  c.netflix.eureka.registry.AbstractInstanceRegistry - DS: Registry: lease doesn't exist, registering resource: USERACTIVITY-ADMIN - :useractivity-admin:9200
2020-04-29 15:38:12.396 [http-nio-8001-exec-2] WARN  com.netflix.eureka.resources.InstanceResource - Not Found (Renew): USERACTIVITY-ADMIN - :useractivity-admin:9200
2020-04-29 15:38:12.396 [http-nio-8001-exec-2] WARN  c.netflix.eureka.registry.AbstractInstanceRegistry - DS: Registry: lease doesn't exist, registering resource: RIDER-CENTER-SDK - iZ2ze7ytqh359urc2o9rn9Z:rider-center-sdk:8004
2020-04-29 15:38:12.397 [http-nio-8001-exec-2] WARN  com.netflix.eureka.resources.InstanceResource - Not Found (Renew): RIDER-CENTER-SDK - iZ2ze7ytqh359urc2o9rn9Z:rider-center-sdk:8004
2020-04-29 15:38:12.397 [http-nio-8001-exec-2] WARN  c.netflix.eureka.registry.AbstractInstanceRegistry - DS: Registry: lease doesn't exist, registering resource: ACCOUNT-SDK - :account-sdk:10011
2020-04-29 15:38:12.397 [http-nio-8001-exec-2] WARN  com.netflix.eureka.resources.InstanceResource - Not Found (Renew): ACCOUNT-SDK - :account-sdk:10011
2020-04-29 15:38:12.398 [http-nio-8001-exec-2] WARN  c.netflix.eureka.registry.AbstractInstanceRegistry - DS: Registry: lease doesn't exist, registering resource: FORTUNECAT-WEB - iZ2ze8ow1gy3uiub8glqqyZ:fortunecat-web:8586
2020-04-29 15:38:12.398 [http-nio-8001-exec-2] WARN  com.netflix.eureka.resources.InstanceResource - Not Found (Renew): FORTUNECAT-WEB - iZ2ze8ow1gy3uiub8glqqyZ:fortunecat-web:8586
2020-04-29 15:38:12.398 [http-nio-8001-exec-2] WARN  c.netflix.eureka.registry.AbstractInstanceRegistry - DS: Registry: lease doesn't exist, registering resource: SEQUENCE-SDK - :sequence-sdk:8000
2020-04-29 15:38:12.398 [http-nio-8001-exec-2] WARN  com.netflix.eureka.resources.InstanceResource - Not Found (Renew): SEQUENCE-SDK - :sequence-sdk:8000
2020-04-29 15:38:12.398 [http-nio-8001-exec-2] WARN  c.netflix.eureka.registry.AbstractInstanceRegistry - DS: Registry: lease doesn't exist, registering resource: MENU-SDK - iZ2ze06mxhbe3nc32oo3pvZ:menu-sdk:8115
2020-04-29 15:38:12.398 [http-nio-8001-exec-2] WARN  com.netflix.eureka.resources.InstanceResource - Not Found (Renew): MENU-SDK - iZ2ze06mxhbe3nc32oo3pvZ:menu-sdk:8115
2020-04-29 15:38:12.399 [http-nio-8001-exec-2] WARN  c.netflix.eureka.registry.AbstractInstanceRegistry - DS: Registry: lease doesn't exist, registering resource: MENUAPI-CLOUD - iZ2ze06mxhbe3nc32oo3pvZ:menuApi-cloud:8233
2020-04-29 15:38:12.399 [http-nio-8001-exec-2] WARN  com.netflix.eureka.resources.InstanceResource - Not Found (Renew): MENUAPI-CLOUD - iZ2ze06mxhbe3nc32oo3pvZ:menuApi-cloud:8233
2020-04-29 15:38:12.399 [http-nio-8001-exec-2] WARN  c.netflix.eureka.registry.AbstractInstanceRegistry - DS: Registry: lease doesn't exist, registering resource: TRADE-PROVIDER - :trade-provider:8310
2020-04-29 15:38:12.399 [http-nio-8001-exec-2] WARN  com.netflix.eureka.resources.InstanceResource - Not Found (Renew): TRADE-PROVIDER - :trade-provider:8310
2020-04-29 15:38:12.399 [http-nio-8001-exec-2] WARN  c.netflix.eureka.registry.AbstractInstanceRegistry - DS: Registry: lease doesn't exist, registering resource: PRINTERCENTER-SDK - :printercenter-sdk:7019
2020-04-29 15:38:12.399 [http-nio-8001-exec-2] WARN  com.netflix.eureka.resources.InstanceResource - Not Found (Renew): PRINTERCENTER-SDK - :printercenter-sdk:7019
2020-04-29 15:38:12.400 [http-nio-8001-exec-2] WARN  c.netflix.eureka.registry.AbstractInstanceRegistry - DS: Registry: lease doesn't exist, registering resource: ACTIVITY-ADMIN - :activity-admin:9700
2020-04-29 15:38:12.400 [http-nio-8001-exec-2] WARN  com.netflix.eureka.resources.InstanceResource - Not Found (Renew): ACTIVITY-ADMIN - :activity-admin:9700
2020-04-29 15:38:12.400 [http-nio-8001-exec-2] WARN  c.netflix.eureka.registry.AbstractInstanceRegistry - DS: Registry: lease doesn't exist, registering resource: USERACTIVITY-JOB - :useractivity-job:9300
2020-04-29 15:38:12.400 [http-nio-8001-exec-2] WARN  com.netflix.eureka.resources.InstanceResource - Not Found (Renew): USERACTIVITY-JOB - :useractivity-job:9300
2020-04-29 15:38:12.400 [http-nio-8001-exec-2] WARN  c.netflix.eureka.registry.AbstractInstanceRegistry - DS: Registry: lease doesn't exist, registering resource: FORUNECAT-ADMIN - iZ2ze8lqjn082gl7ih2u48Z:forunecat-admin:9386
2020-04-29 15:38:12.400 [http-nio-8001-exec-2] WARN  com.netflix.eureka.resources.InstanceResource - Not Found (Renew): FORUNECAT-ADMIN - iZ2ze8lqjn082gl7ih2u48Z:forunecat-admin:9386
2020-04-29 15:38:12.401 [http-nio-8001-exec-2] WARN  c.netflix.eureka.registry.AbstractInstanceRegistry - DS: Registry: lease doesn't exist, registering resource: COUPON-CENTER-SDK - iZ2ze8lqjn082gl7ih2u48Z:coupon-center-sdk:8623
2020-04-29 15:38:12.401 [http-nio-8001-exec-2] WARN  com.netflix.eureka.resources.InstanceResource - Not Found (Renew): COUPON-CENTER-SDK - iZ2ze8lqjn082gl7ih2u48Z:coupon-center-sdk:8623
2020-04-29 15:38:12.401 [http-nio-8001-exec-2] WARN  c.netflix.eureka.registry.AbstractInstanceRegistry - DS: Registry: lease doesn't exist, registering resource: TASK-CENTER-CLOUD - :task-center-cloud:8130
2020-04-29 15:38:12.401 [http-nio-8001-exec-2] WARN  com.netflix.eureka.resources.InstanceResource - Not Found (Renew): TASK-CENTER-CLOUD - :task-center-cloud:8130
2020-04-29 15:38:12.401 [http-nio-8001-exec-2] WARN  c.netflix.eureka.registry.AbstractInstanceRegistry - DS: Registry: lease doesn't exist, registering resource: FORTUNECAT-SDK - iZ2ze8lqjn082gl7ih2u48Z:fortunecat-sdk:8186
2020-04-29 15:38:12.401 [http-nio-8001-exec-2] WARN  com.netflix.eureka.resources.InstanceResource - Not Found (Renew): FORTUNECAT-SDK - iZ2ze8lqjn082gl7ih2u48Z:fortunecat-sdk:8186
2020-04-29 15:38:12.402 [http-nio-8001-exec-2] WARN  c.netflix.eureka.registry.AbstractInstanceRegistry - DS: Registry: lease doesn't exist, registering resource: SELLERCENTER-ADMIN - :sellercenter-admin:7200
2020-04-29 15:38:12.402 [http-nio-8001-exec-2] WARN  com.netflix.eureka.resources.InstanceResource - Not Found (Renew): SELLERCENTER-ADMIN - :sellercenter-admin:7200
2020-04-29 15:38:12.402 [http-nio-8001-exec-2] WARN  c.netflix.eureka.registry.AbstractInstanceRegistry - DS: Registry: lease doesn't exist, registering resource: ACTIVITY-WEB - :activity-web:9800
2020-04-29 15:38:12.402 [http-nio-8001-exec-2] WARN  com.netflix.eureka.resources.InstanceResource - Not Found (Renew): ACTIVITY-WEB - :activity-web:9800
2020-04-29 15:38:12.402 [http-nio-8001-exec-2] WARN  c.netflix.eureka.registry.AbstractInstanceRegistry - DS: Registry: lease doesn't exist, registering resource: RED-PACKETS-SDK - iZ2ze8lqjn082gl7ih2u48Z:red-packets-sdk:10014
2020-04-29 15:38:12.402 [http-nio-8001-exec-2] WARN  com.netflix.eureka.resources.InstanceResource - Not Found (Renew): RED-PACKETS-SDK - iZ2ze8lqjn082gl7ih2u48Z:red-packets-sdk:10014
2020-04-29 15:38:12.403 [http-nio-8001-exec-2] WARN  c.netflix.eureka.registry.AbstractInstanceRegistry - DS: Registry: lease doesn't exist, registering resource: ADDRESS-ADMIN - :address-admin:7012
2020-04-29 15:38:12.403 [http-nio-8001-exec-2] WARN  com.netflix.eureka.resources.InstanceResource - Not Found (Renew): ADDRESS-ADMIN - :address-admin:7012
2020-04-29 15:38:12.403 [http-nio-8001-exec-2] WARN  c.netflix.eureka.registry.AbstractInstanceRegistry - DS: Registry: lease doesn't exist, registering resource: AUTH-WEB - :auth-web:10010
2020-04-29 15:38:12.403 [http-nio-8001-exec-2] WARN  com.netflix.eureka.resources.InstanceResource - Not Found (Renew): AUTH-WEB - :auth-web:10010
2020-04-29 15:38:12.403 [http-nio-8001-exec-2] WARN  c.netflix.eureka.registry.AbstractInstanceRegistry - DS: Registry: lease doesn't exist, registering resource: SMS-SDK - :sms-sdk:8001
2020-04-29 15:38:12.403 [http-nio-8001-exec-2] WARN  com.netflix.eureka.resources.InstanceResource - Not Found (Renew): SMS-SDK - :sms-sdk:8001
2020-04-29 15:38:12.404 [http-nio-8001-exec-2] WARN  c.netflix.eureka.registry.AbstractInstanceRegistry - DS: Registry: lease doesn't exist, registering resource: ACTIVITY-SDK - :activity-sdk:9600
2020-04-29 15:38:12.404 [http-nio-8001-exec-2] WARN  com.netflix.eureka.resources.InstanceResource - Not Found (Renew): ACTIVITY-SDK - :activity-sdk:9600
2020-04-29 15:38:12.404 [http-nio-8001-exec-2] WARN  c.netflix.eureka.registry.AbstractInstanceRegistry - DS: Registry: lease doesn't exist, registering resource: CHECK-OUT-SDK - :check-out-sdk:10015
2020-04-29 15:38:12.404 [http-nio-8001-exec-2] WARN  com.netflix.eureka.resources.InstanceResource - Not Found (Renew): CHECK-OUT-SDK - :check-out-sdk:10015
2020-04-29 15:38:12.404 [http-nio-8001-exec-2] WARN  c.netflix.eureka.registry.AbstractInstanceRegistry - DS: Registry: lease doesn't exist, registering resource: KERUYUN-CODE - iZ2ze7ytqh359urc2o9rn9Z:keruyun-code:8809
2020-04-29 15:38:12.404 [http-nio-8001-exec-2] WARN  com.netflix.eureka.resources.InstanceResource - Not Found (Renew): KERUYUN-CODE - iZ2ze7ytqh359urc2o9rn9Z:keruyun-code:8809
2020-04-29 15:38:12.405 [http-nio-8001-exec-2] WARN  c.netflix.eureka.registry.AbstractInstanceRegistry - DS: Registry: lease doesn't exist, registering resource: SELLERCENTER-WEB - :sellercenter-web:7017
2020-04-29 15:38:12.405 [http-nio-8001-exec-2] WARN  com.netflix.eureka.resources.InstanceResource - Not Found (Renew): SELLERCENTER-WEB - :sellercenter-web:7017
2020-04-29 15:38:12.405 [http-nio-8001-exec-2] WARN  c.netflix.eureka.registry.AbstractInstanceRegistry - DS: Registry: lease doesn't exist, registering resource: ADDRESS-SERVER - :address-server:7011
2020-04-29 15:38:12.405 [http-nio-8001-exec-2] WARN  com.netflix.eureka.resources.InstanceResource - Not Found (Renew): ADDRESS-SERVER - :address-server:7011
2020-04-29 15:38:12.405 [http-nio-8001-exec-2] WARN  c.netflix.eureka.registry.AbstractInstanceRegistry - DS: Registry: lease doesn't exist, registering resource: SHARE-PROVIDER-CLOUD - iZ2zeioqjurm6xji8i11sxZ:share-provider-cloud:8620
2020-04-29 15:38:12.405 [http-nio-8001-exec-2] WARN  com.netflix.eureka.resources.InstanceResource - Not Found (Renew): SHARE-PROVIDER-CLOUD - iZ2zeioqjurm6xji8i11sxZ:share-provider-cloud:8620
2020-04-29 15:38:12.406 [http-nio-8001-exec-2] WARN  c.netflix.eureka.registry.AbstractInstanceRegistry - DS: Registry: lease doesn't exist, registering resource: GATEWAY-SDK - iZ2ze7ytqh359urc2o9rn9Z:gateway-sdk:8009
2020-04-29 15:38:12.406 [http-nio-8001-exec-2] WARN  com.netflix.eureka.resources.InstanceResource - Not Found (Renew): GATEWAY-SDK - iZ2ze7ytqh359urc2o9rn9Z:gateway-sdk:8009
2020-04-29 15:38:16.212 [DiscoveryClient-InstanceInfoReplicator-0] WARN  c.n.d.s.t.decorator.RetryableEurekaHttpClient - Request execution failed with message: org.apache.http.conn.ConnectTimeoutException: Connect to 10.0.0.129:8001 timed out
2020-04-29 15:38:21.220 [DiscoveryClient-InstanceInfoReplicator-0] WARN  c.n.d.s.t.decorator.RetryableEurekaHttpClient - Request execution failed with message: org.apache.http.conn.ConnectTimeoutException: Connect to 10.0.0.130:8001 timed out
2020-04-29 15:38:21.220 [DiscoveryClient-InstanceInfoReplicator-0] WARN  com.netflix.discovery.DiscoveryClient - DiscoveryClient_REGISTER-CENTER/:register-center:8001 - registration failed Cannot execute request on any known server
com.netflix.discovery.shared.transport.TransportException: Cannot execute request on any known server
	at com.netflix.discovery.shared.transport.decorator.RetryableEurekaHttpClient.execute(RetryableEurekaHttpClient.java:112)
	at com.netflix.discovery.shared.transport.decorator.EurekaHttpClientDecorator.register(EurekaHttpClientDecorator.java:56)
	at com.netflix.discovery.shared.transport.decorator.EurekaHttpClientDecorator$1.execute(EurekaHttpClientDecorator.java:59)
	at com.netflix.discovery.shared.transport.decorator.SessionedEurekaHttpClient.execute(SessionedEurekaHttpClient.java:77)
	at com.netflix.discovery.shared.transport.decorator.EurekaHttpClientDecorator.register(EurekaHttpClientDecorator.java:56)
	at com.netflix.discovery.DiscoveryClient.register(DiscoveryClient.java:829)
	at com.netflix.discovery.InstanceInfoReplicator.run(InstanceInfoReplicator.java:121)
	at com.netflix.discovery.InstanceInfoReplicator$1.run(InstanceInfoReplicator.java:101)
	at java.util.concurrent.Executors$RunnableAdapter.call(Executors.java:511)
	at java.util.concurrent.FutureTask.run(FutureTask.java:266)
	at java.util.concurrent.ScheduledThreadPoolExecutor$ScheduledFutureTask.access$201(ScheduledThreadPoolExecutor.java:180)
	at java.util.concurrent.ScheduledThreadPoolExecutor$ScheduledFutureTask.run(ScheduledThreadPoolExecutor.java:293)
	at java.util.concurrent.ThreadPoolExecutor.runWorker(ThreadPoolExecutor.java:1149)
	at java.util.concurrent.ThreadPoolExecutor$Worker.run(ThreadPoolExecutor.java:624)
	at java.lang.Thread.run(Thread.java:748)
2020-04-29 15:38:21.221 [DiscoveryClient-InstanceInfoReplicator-0] WARN  com.netflix.discovery.InstanceInfoReplicator - There was a problem with the instance info replicator
com.netflix.discovery.shared.transport.TransportException: Cannot execute request on any known server
	at com.netflix.discovery.shared.transport.decorator.RetryableEurekaHttpClient.execute(RetryableEurekaHttpClient.java:112)
	at com.netflix.discovery.shared.transport.decorator.EurekaHttpClientDecorator.register(EurekaHttpClientDecorator.java:56)
	at com.netflix.discovery.shared.transport.decorator.EurekaHttpClientDecorator$1.execute(EurekaHttpClientDecorator.java:59)
	at com.netflix.discovery.shared.transport.decorator.SessionedEurekaHttpClient.execute(SessionedEurekaHttpClient.java:77)
	at com.netflix.discovery.shared.transport.decorator.EurekaHttpClientDecorator.register(EurekaHttpClientDecorator.java:56)
	at com.netflix.discovery.DiscoveryClient.register(DiscoveryClient.java:829)
	at com.netflix.discovery.InstanceInfoReplicator.run(InstanceInfoReplicator.java:121)
	at com.netflix.discovery.InstanceInfoReplicator$1.run(InstanceInfoReplicator.java:101)
	at java.util.concurrent.Executors$RunnableAdapter.call(Executors.java:511)
	at java.util.concurrent.FutureTask.run(FutureTask.java:266)
	at java.util.concurrent.ScheduledThreadPoolExecutor$ScheduledFutureTask.access$201(ScheduledThreadPoolExecutor.java:180)
	at java.util.concurrent.ScheduledThreadPoolExecutor$ScheduledFutureTask.run(ScheduledThreadPoolExecutor.java:293)
	at java.util.concurrent.ThreadPoolExecutor.runWorker(ThreadPoolExecutor.java:1149)
	at java.util.concurrent.ThreadPoolExecutor$Worker.run(ThreadPoolExecutor.java:624)
	at java.lang.Thread.run(Thread.java:748)
2020-04-29 15:38:45.653 [DiscoveryClient-CacheRefreshExecutor-0] WARN  c.n.d.s.t.decorator.RetryableEurekaHttpClient - Request execution failed with message: org.apache.http.conn.ConnectTimeoutException: Connect to 10.0.0.129:8001 timed out
2020-04-29 15:38:45.657 [DiscoveryClient-HeartbeatExecutor-0] WARN  c.n.d.s.t.decorator.RetryableEurekaHttpClient - Request execution failed with message: org.apache.http.conn.ConnectTimeoutException: Connect to 10.0.0.129:8001 timed out
2020-04-29 15:38:50.659 [DiscoveryClient-CacheRefreshExecutor-0] WARN  c.n.d.s.t.decorator.RetryableEurekaHttpClient - Request execution failed with message: org.apache.http.conn.ConnectTimeoutException: Connect to 10.0.0.130:8001 timed out
2020-04-29 15:38:50.663 [DiscoveryClient-HeartbeatExecutor-0] WARN  c.n.d.s.t.decorator.RetryableEurekaHttpClient - Request execution failed with message: org.apache.http.conn.ConnectTimeoutException: Connect to 10.0.0.130:8001 timed out
2020-04-29 15:38:56.227 [DiscoveryClient-InstanceInfoReplicator-0] WARN  c.n.d.s.t.decorator.RetryableEurekaHttpClient - Request execution failed with message: org.apache.http.conn.ConnectTimeoutException: Connect to 10.0.0.129:8001 timed out
2020-04-29 15:39:01.232 [DiscoveryClient-InstanceInfoReplicator-0] WARN  c.n.d.s.t.decorator.RetryableEurekaHttpClient - Request execution failed with message: org.apache.http.conn.ConnectTimeoutException: Connect to 10.0.0.130:8001 timed out
2020-04-29 15:39:01.232 [DiscoveryClient-InstanceInfoReplicator-0] WARN  com.netflix.discovery.DiscoveryClient - DiscoveryClient_REGISTER-CENTER/:register-center:8001 - registration failed Cannot execute request on any known server
com.netflix.discovery.shared.transport.TransportException: Cannot execute request on any known server
	at com.netflix.discovery.shared.transport.decorator.RetryableEurekaHttpClient.execute(RetryableEurekaHttpClient.java:112)
	at com.netflix.discovery.shared.transport.decorator.EurekaHttpClientDecorator.register(EurekaHttpClientDecorator.java:56)
	at com.netflix.discovery.shared.transport.decorator.EurekaHttpClientDecorator$1.execute(EurekaHttpClientDecorator.java:59)
	at com.netflix.discovery.shared.transport.decorator.SessionedEurekaHttpClient.execute(SessionedEurekaHttpClient.java:77)
	at com.netflix.discovery.shared.transport.decorator.EurekaHttpClientDecorator.register(EurekaHttpClientDecorator.java:56)
	at com.netflix.discovery.DiscoveryClient.register(DiscoveryClient.java:829)
	at com.netflix.discovery.InstanceInfoReplicator.run(InstanceInfoReplicator.java:121)
	at java.util.concurrent.Executors$RunnableAdapter.call(Executors.java:511)
	at java.util.concurrent.FutureTask.run(FutureTask.java:266)
	at java.util.concurrent.ScheduledThreadPoolExecutor$ScheduledFutureTask.access$201(ScheduledThreadPoolExecutor.java:180)
	at java.util.concurrent.ScheduledThreadPoolExecutor$ScheduledFutureTask.run(ScheduledThreadPoolExecutor.java:293)
	at java.util.concurrent.ThreadPoolExecutor.runWorker(ThreadPoolExecutor.java:1149)
	at java.util.concurrent.ThreadPoolExecutor$Worker.run(ThreadPoolExecutor.java:624)
	at java.lang.Thread.run(Thread.java:748)
2020-04-29 15:39:01.233 [DiscoveryClient-InstanceInfoReplicator-0] WARN  com.netflix.discovery.InstanceInfoReplicator - There was a problem with the instance info replicator
com.netflix.discovery.shared.transport.TransportException: Cannot execute request on any known server
	at com.netflix.discovery.shared.transport.decorator.RetryableEurekaHttpClient.execute(RetryableEurekaHttpClient.java:112)
	at com.netflix.discovery.shared.transport.decorator.EurekaHttpClientDecorator.register(EurekaHttpClientDecorator.java:56)
	at com.netflix.discovery.shared.transport.decorator.EurekaHttpClientDecorator$1.execute(EurekaHttpClientDecorator.java:59)
	at com.netflix.discovery.shared.transport.decorator.SessionedEurekaHttpClient.execute(SessionedEurekaHttpClient.java:77)
	at com.netflix.discovery.shared.transport.decorator.EurekaHttpClientDecorator.register(EurekaHttpClientDecorator.java:56)
	at com.netflix.discovery.DiscoveryClient.register(DiscoveryClient.java:829)
	at com.netflix.discovery.InstanceInfoReplicator.run(InstanceInfoReplicator.java:121)
	at java.util.concurrent.Executors$RunnableAdapter.call(Executors.java:511)
	at java.util.concurrent.FutureTask.run(FutureTask.java:266)
	at java.util.concurrent.ScheduledThreadPoolExecutor$ScheduledFutureTask.access$201(ScheduledThreadPoolExecutor.java:180)
	at java.util.concurrent.ScheduledThreadPoolExecutor$ScheduledFutureTask.run(ScheduledThreadPoolExecutor.java:293)
	at java.util.concurrent.ThreadPoolExecutor.runWorker(ThreadPoolExecutor.java:1149)
	at java.util.concurrent.ThreadPoolExecutor$Worker.run(ThreadPoolExecutor.java:624)
	at java.lang.Thread.run(Thread.java:748)
2020-04-29 15:39:17.695 [Thread-15] WARN  com.netflix.discovery.DiscoveryClient - Saw local status change event StatusChangeEvent [timestamp=1588145957695, current=DOWN, previous=UP]
2020-04-29 15:39:17.731 [Thread-15] WARN  o.s.c.annotation.CommonAnnotationBeanPostProcessor - Invocation of destroy method failed on bean with name 'scopedTarget.eurekaClient': org.springframework.beans.factory.BeanCreationNotAllowedException: Error creating bean with name 'eurekaInstanceConfigBean': Singleton bean creation not allowed while singletons of this factory are in destruction (Do not request a bean from a BeanFactory in a destroy method implementation!)
2020-04-29 15:39:24.527 [localhost-startStop-1] WARN  com.netflix.config.sources.URLConfigurationSource - No URLs will be polled as dynamic configuration sources.
2020-04-29 16:56:48.842 [Eureka-EvictionTimer] WARN  c.netflix.eureka.registry.AbstractInstanceRegistry - DS: Registry: expired lease for ACTIVITY-SDK/192.168.31.152:activity-sdk-test:9600
2020-04-29 17:03:53.848 [Eureka-EvictionTimer] WARN  c.netflix.eureka.registry.AbstractInstanceRegistry - DS: Registry: expired lease for ACTIVITY-SDK/192.168.31.152:activity-sdk-test:9600
